[Error] Inner Parser: Parse error: unexpected token 'foo'.
	Source(signature.k)
	Location(25,8,25,11)
	25 |	  rule foo() => .K
	   .	       ^~~
[Error] Inner Parser: Parse error: unexpected token 'fu'.
	Source(signature.k)
	Location(27,8,27,10)
	27 |	  rule fu() => .K
	   .	       ^~
[Error] Inner Parser: Parse error: unexpected token 'baz'.
	Source(signature.k)
	Location(29,8,29,11)
	29 |	  rule baz => .K
	   .	       ^~~
[Error] Inner Parser: Parse error: unexpected token 'foo'.
	Source(signature.k)
	Location(37,8,37,11)
	37 |	  rule foo() => .K
	   .	       ^~~
[Error] Inner Parser: Parse error: unexpected token 'bam'.
	Source(signature.k)
	Location(38,8,38,11)
	38 |	  rule bam() => .K
	   .	       ^~~
[Error] Inner Parser: Parse error: unexpected token 'fu'.
	Source(signature.k)
	Location(39,8,39,10)
	39 |	  rule fu() => .K
	   .	       ^~
[Error] Inner Parser: Parse error: unexpected token 'bar'.
	Source(signature.k)
	Location(40,8,40,11)
	40 |	  rule bar => .K
	   .	       ^~~
[Error] Inner Parser: Parse error: unexpected token 'baz'.
	Source(signature.k)
	Location(41,8,41,11)
	41 |	  rule baz => .K
	   .	       ^~~
[Error] Inner Parser: Parse error: unexpected token 'b'.
	Source(signature.k)
	Location(43,8,43,9)
	43 |	  rule b() => .K
	   .	       ^
[Error] Inner Parser: Parse error: unexpected token 'a'.
	Source(signature.k)
	Location(55,8,55,9)
	55 |	  rule a() => .K
	   .	       ^
[Error] Compiler: Had 10 parsing errors.
[ERROR] Running process failed with returncode 113:
    kompile signature.k --md-selector k --emit-json --warnings none --no-exc-wrap --backend llvm --output-definition signature-kompiled --type-inference-mode checked
