
ERROR: No input file given

Usage: 
  ../../../tools/kompile.pl (-option)* <source_file>[.k|.kmaude|.maude] (-option)*

  
  General options
  -h (or -help) : print this message and exit
  -v (or -verbose) : verbose mode
  -m (or -maudify) : only maudify, do not kompile
  -c (or -compile) : only compile, do not maudify
  -lint : only maudify and sanity checks, do not kompile
  -l (or -lang or -language) <module_name> : start module
  -file : the input source file (optional)
  -nd : compile for full non-determinism in heating/cooling
  -prelude file.m(aude) : specifies the k-prelude file
  -flat : slurp all k or kmaude files into one k file 
  -u (or -unquote) : unquote the maude meta-terms to increase speed
  
  Latex options
  -latex : maudifies/compiles for generating latex output
  -pdf : maudifies/compiles for generating pdf output
  -ps : maudifies/compiles for generating ps output
  -eps : maudifies/compiles for generating eps output
  -png : maudifies/compiles for generating png output
  -crop : maudifies/compiles for generating a nice crop-pdf output
     -style : useful for typesetting (optional)
  -title title : specifies the title when generating a poster
  -author name : specifies the name of the author in a poster
  -output output_file : specifies the name of the generated (latex) file

  Compile only one program options
  -pgm <filename> : the file where the program macro is
  -cmod <module name> : the module where the language is
  -pmod <module name> : the module where the macro is
     If this is missing, <module name> will be considered ALLCAPS(pgm)
  -pname <macro name> : the name of the macro
     If this is missing, <macro name> will be considered as being pgm
  

ERROR: No input file given

