kore-repl:  Debug (DebugAppliedLabeledRewriteRule):
    The rule with label [ CONTEXT.foo1-heat ] at location: context.k:8:16-8:52 was applied
    on configuration:
      \and{SortGeneratedTopCell{}}(
          /* term: */
          /* T Fn D Sfa */
          Lbl'-LT-'generatedTop'-GT-'{}(
              /* T Fn D Sfa */
              Lbl'-LT-'k'-GT-'{}(
                  /* T Fn D Sfa */
                  kseq{}(
                      /* T Fn D Sfa Cli */
                      /* Inj: */ inj{SortA{}, SortKItem{}}(
                          /* T Fn D Sfa Cl */
                          Lblfoo'LParUndsCommUndsRParUnds'CONTEXT'Unds'A'Unds'A'Unds'A{}(
                              /* T Fn D Sfa Cl */ Lbla'Unds'CONTEXT'Unds'A{}(),
                              /* T Fn D Sfa Cl */ Lbla'Unds'CONTEXT'Unds'A{}()
                          )
                      ),
                      /* T Fn D Sfa */ Var'Unds'DotVar1:SortK{}
                  )
              ),
              /* T Fn D Sfa */
              Lbl'-LT-'generatedCounter'-GT-'{}(
                  /* T Fn D Sfa */ Var'Unds'Gen0:SortInt{}
              )
          ),
      \and{SortGeneratedTopCell{}}(
          /* predicate: */
          /* D Sfa */ \top{SortGeneratedTopCell{}}(),
          /* substitution: */
          \top{SortGeneratedTopCell{}}()
      ))
Context:
    (InfoReachability) while applying axioms
kore-repl:  Debug (DebugAppliedLabeledRewriteRule):
    The rule with label [  ] at location: context.k:15:8-15:14 was applied
    on configuration:
      \and{SortGeneratedTopCell{}}(
          /* term: */
          /* T Fn D Sfa */
          Lbl'-LT-'generatedTop'-GT-'{}(
              /* T Fn D Sfa */
              Lbl'-LT-'k'-GT-'{}(
                  /* T Fn D Sfa */
                  kseq{}(
                      /* T Fn D Sfa Cli */
                      /* Inj: */ inj{SortA{}, SortKItem{}}(
                          /* T Fn D Sfa Cl */ Lbla'Unds'CONTEXT'Unds'A{}()
                      ),
                      /* T Fn D Sfa */
                      kseq{}(
                          /* T Fn D Sfa Cl */
                          Lbl'Hash'freezerfoo'LParUndsCommUndsRParUnds'CONTEXT'Unds'A'Unds'A'Unds'A0'Unds'{}(
                              /* T Fn D Sfa Cl */
                              kseq{}(
                                  /* T Fn D Sfa Cli */
                                  /* Inj: */ inj{SortA{}, SortKItem{}}(
                                      /* T Fn D Sfa Cl */
                                      Lbla'Unds'CONTEXT'Unds'A{}()
                                  ),
                                  /* T Fn D Sfa Cl */ dotk{}()
                              )
                          ),
                          /* T Fn D Sfa */ Var'Unds'DotVar1:SortK{}
                      )
                  )
              ),
              /* T Fn D Sfa */
              Lbl'-LT-'generatedCounter'-GT-'{}(
                  /* T Fn D Sfa */ Var'Unds'Gen0:SortInt{}
              )
          ),
      \and{SortGeneratedTopCell{}}(
          /* predicate: */
          /* D Sfa */ \top{SortGeneratedTopCell{}}(),
          /* substitution: */
          \top{SortGeneratedTopCell{}}()
      ))
Context:
    (InfoReachability) while applying axioms
kore-repl:  Debug (DebugAppliedLabeledRewriteRule):
    The rule with label [ CONTEXT.foo1-cool ] at location: context.k:8:16-8:52 was applied
    on configuration:
      \and{SortGeneratedTopCell{}}(
          /* term: */
          /* T Fn D Sfa */
          Lbl'-LT-'generatedTop'-GT-'{}(
              /* T Fn D Sfa */
              Lbl'-LT-'k'-GT-'{}(
                  /* T Fn D Sfa */
                  kseq{}(
                      /* T Fn D Sfa Cli */
                      /* Inj: */ inj{SortInt{}, SortKItem{}}(
                          /* T Fn D Sfa Cl */ \dv{SortInt{}}("0")
                      ),
                      /* T Fn D Sfa */
                      kseq{}(
                          /* T Fn D Sfa Cl */
                          Lbl'Hash'freezerfoo'LParUndsCommUndsRParUnds'CONTEXT'Unds'A'Unds'A'Unds'A0'Unds'{}(
                              /* T Fn D Sfa Cl */
                              kseq{}(
                                  /* T Fn D Sfa Cli */
                                  /* Inj: */ inj{SortA{}, SortKItem{}}(
                                      /* T Fn D Sfa Cl */
                                      Lbla'Unds'CONTEXT'Unds'A{}()
                                  ),
                                  /* T Fn D Sfa Cl */ dotk{}()
                              )
                          ),
                          /* T Fn D Sfa */ Var'Unds'DotVar1:SortK{}
                      )
                  )
              ),
              /* T Fn D Sfa */
              Lbl'-LT-'generatedCounter'-GT-'{}(
                  /* T Fn D Sfa */ Var'Unds'Gen0:SortInt{}
              )
          ),
      \and{SortGeneratedTopCell{}}(
          /* predicate: */
          /* D Sfa */ \top{SortGeneratedTopCell{}}(),
          /* substitution: */
          \top{SortGeneratedTopCell{}}()
      ))
Context:
    (InfoReachability) while applying axioms
kore-repl:  Debug (DebugAppliedLabeledRewriteRule):
    The rule with label [ CONTEXT.foo2-heat ] at location: context.k:8:16-8:52 was applied
    on configuration:
      \and{SortGeneratedTopCell{}}(
          /* term: */
          /* T Fn D Sfa */
          Lbl'-LT-'generatedTop'-GT-'{}(
              /* T Fn D Sfa */
              Lbl'-LT-'k'-GT-'{}(
                  /* T Fn D Sfa */
                  kseq{}(
                      /* T Fn D Sfa Cli */
                      /* Inj: */ inj{SortA{}, SortKItem{}}(
                          /* T Fn D Sfa Cl */
                          Lblfoo'LParUndsCommUndsRParUnds'CONTEXT'Unds'A'Unds'A'Unds'A{}(
                              /* T Fn D Sfa Cli */
                              /* Inj: */ inj{SortInt{}, SortA{}}(
                                  /* T Fn D Sfa Cl */ \dv{SortInt{}}("0")
                              ),
                              /* T Fn D Sfa Cl */ Lbla'Unds'CONTEXT'Unds'A{}()
                          )
                      ),
                      /* T Fn D Sfa */ Var'Unds'DotVar1:SortK{}
                  )
              ),
              /* T Fn D Sfa */
              Lbl'-LT-'generatedCounter'-GT-'{}(
                  /* T Fn D Sfa */ Var'Unds'Gen0:SortInt{}
              )
          ),
      \and{SortGeneratedTopCell{}}(
          /* predicate: */
          /* D Sfa */ \top{SortGeneratedTopCell{}}(),
          /* substitution: */
          \top{SortGeneratedTopCell{}}()
      ))
Context:
    (InfoReachability) while applying axioms
kore-repl:  Debug (DebugAppliedLabeledRewriteRule):
    The rule with label [  ] at location: context.k:15:8-15:14 was applied
    on configuration:
      \and{SortGeneratedTopCell{}}(
          /* term: */
          /* T Fn D Sfa */
          Lbl'-LT-'generatedTop'-GT-'{}(
              /* T Fn D Sfa */
              Lbl'-LT-'k'-GT-'{}(
                  /* T Fn D Sfa */
                  kseq{}(
                      /* T Fn D Sfa Cli */
                      /* Inj: */ inj{SortA{}, SortKItem{}}(
                          /* T Fn D Sfa Cl */ Lbla'Unds'CONTEXT'Unds'A{}()
                      ),
                      /* T Fn D Sfa */
                      kseq{}(
                          /* T Fn D Sfa Cl */
                          Lbl'Hash'freezerfoo'LParUndsCommUndsRParUnds'CONTEXT'Unds'A'Unds'A'Unds'A1'Unds'{}(
                              /* T Fn D Sfa Cl */
                              kseq{}(
                                  /* T Fn D Sfa Cli */
                                  /* Inj: */ inj{SortInt{}, SortKItem{}}(
                                      /* T Fn D Sfa Cl */ \dv{SortInt{}}("0")
                                  ),
                                  /* T Fn D Sfa Cl */ dotk{}()
                              )
                          ),
                          /* T Fn D Sfa */ Var'Unds'DotVar1:SortK{}
                      )
                  )
              ),
              /* T Fn D Sfa */
              Lbl'-LT-'generatedCounter'-GT-'{}(
                  /* T Fn D Sfa */ Var'Unds'Gen0:SortInt{}
              )
          ),
      \and{SortGeneratedTopCell{}}(
          /* predicate: */
          /* D Sfa */ \top{SortGeneratedTopCell{}}(),
          /* substitution: */
          \top{SortGeneratedTopCell{}}()
      ))
Context:
    (InfoReachability) while applying axioms
kore-repl:  Debug (DebugAppliedLabeledRewriteRule):
    The rule with label [ CONTEXT.foo2-cool ] at location: context.k:8:16-8:52 was applied
    on configuration:
      \and{SortGeneratedTopCell{}}(
          /* term: */
          /* T Fn D Sfa */
          Lbl'-LT-'generatedTop'-GT-'{}(
              /* T Fn D Sfa */
              Lbl'-LT-'k'-GT-'{}(
                  /* T Fn D Sfa */
                  kseq{}(
                      /* T Fn D Sfa Cli */
                      /* Inj: */ inj{SortInt{}, SortKItem{}}(
                          /* T Fn D Sfa Cl */ \dv{SortInt{}}("0")
                      ),
                      /* T Fn D Sfa */
                      kseq{}(
                          /* T Fn D Sfa Cl */
                          Lbl'Hash'freezerfoo'LParUndsCommUndsRParUnds'CONTEXT'Unds'A'Unds'A'Unds'A1'Unds'{}(
                              /* T Fn D Sfa Cl */
                              kseq{}(
                                  /* T Fn D Sfa Cli */
                                  /* Inj: */ inj{SortInt{}, SortKItem{}}(
                                      /* T Fn D Sfa Cl */ \dv{SortInt{}}("0")
                                  ),
                                  /* T Fn D Sfa Cl */ dotk{}()
                              )
                          ),
                          /* T Fn D Sfa */ Var'Unds'DotVar1:SortK{}
                      )
                  )
              ),
              /* T Fn D Sfa */
              Lbl'-LT-'generatedCounter'-GT-'{}(
                  /* T Fn D Sfa */ Var'Unds'Gen0:SortInt{}
              )
          ),
      \and{SortGeneratedTopCell{}}(
          /* predicate: */
          /* D Sfa */ \top{SortGeneratedTopCell{}}(),
          /* substitution: */
          \top{SortGeneratedTopCell{}}()
      ))
Context:
    (InfoReachability) while applying axioms
kore-repl:  Debug (DebugAppliedLabeledRewriteRule):
    The rule with label [ CONTEXT.bar1-heat ] at location: context.k:12:19-12:36 was applied
    on configuration:
      \and{SortGeneratedTopCell{}}(
          /* term: */
          /* T Fn D Sfa */
          Lbl'-LT-'generatedTop'-GT-'{}(
              /* T Fn D Sfa */
              Lbl'-LT-'k'-GT-'{}(
                  /* T Fn D Sfa */
                  kseq{}(
                      /* T Fn D Sfa Cli */
                      /* Inj: */ inj{SortA{}, SortKItem{}}(
                          /* T Fn D Sfa Cl */
                          Lblbar'LParUndsCommUndsRParUnds'CONTEXT'Unds'A'Unds'A'Unds'A{}(
                              /* T Fn D Sfa Cl */ Lbla'Unds'CONTEXT'Unds'A{}(),
                              /* T Fn D Sfa Cl */ Lbla'Unds'CONTEXT'Unds'A{}()
                          )
                      ),
                      /* T Fn D Sfa */ Var'Unds'DotVar1:SortK{}
                  )
              ),
              /* T Fn D Sfa */
              Lbl'-LT-'generatedCounter'-GT-'{}(
                  /* T Fn D Sfa */ Var'Unds'Gen0:SortInt{}
              )
          ),
      \and{SortGeneratedTopCell{}}(
          /* predicate: */
          /* D Sfa */ \top{SortGeneratedTopCell{}}(),
          /* substitution: */
          \top{SortGeneratedTopCell{}}()
      ))
Context:
    (InfoReachability) while applying axioms
kore-repl:  Debug (DebugAppliedLabeledRewriteRule):
    The rule with label [  ] at location: context.k:15:8-15:14 was applied
    on configuration:
      \and{SortGeneratedTopCell{}}(
          /* term: */
          /* T Fn D Sfa */
          Lbl'-LT-'generatedTop'-GT-'{}(
              /* T Fn D Sfa */
              Lbl'-LT-'k'-GT-'{}(
                  /* T Fn D Sfa */
                  kseq{}(
                      /* T Fn D Sfa Cli */
                      /* Inj: */ inj{SortA{}, SortKItem{}}(
                          /* T Fn D Sfa Cl */ Lbla'Unds'CONTEXT'Unds'A{}()
                      ),
                      /* T Fn D Sfa */
                      kseq{}(
                          /* T Fn D Sfa Cl */
                          Lbl'Hash'freezerbar'LParUndsCommUndsRParUnds'CONTEXT'Unds'A'Unds'A'Unds'A0'Unds'{}(
                              /* T Fn D Sfa Cl */
                              kseq{}(
                                  /* T Fn D Sfa Cli */
                                  /* Inj: */ inj{SortA{}, SortKItem{}}(
                                      /* T Fn D Sfa Cl */
                                      Lbla'Unds'CONTEXT'Unds'A{}()
                                  ),
                                  /* T Fn D Sfa Cl */ dotk{}()
                              )
                          ),
                          /* T Fn D Sfa */ Var'Unds'DotVar1:SortK{}
                      )
                  )
              ),
              /* T Fn D Sfa */
              Lbl'-LT-'generatedCounter'-GT-'{}(
                  /* T Fn D Sfa */ Var'Unds'Gen0:SortInt{}
              )
          ),
      \and{SortGeneratedTopCell{}}(
          /* predicate: */
          /* D Sfa */ \top{SortGeneratedTopCell{}}(),
          /* substitution: */
          \top{SortGeneratedTopCell{}}()
      ))
Context:
    (InfoReachability) while applying axioms
kore-repl:  Debug (DebugAppliedLabeledRewriteRule):
    The rule with label [ CONTEXT.bar1-cool ] at location: context.k:12:19-12:36 was applied
    on configuration:
      \and{SortGeneratedTopCell{}}(
          /* term: */
          /* T Fn D Sfa */
          Lbl'-LT-'generatedTop'-GT-'{}(
              /* T Fn D Sfa */
              Lbl'-LT-'k'-GT-'{}(
                  /* T Fn D Sfa */
                  kseq{}(
                      /* T Fn D Sfa Cli */
                      /* Inj: */ inj{SortInt{}, SortKItem{}}(
                          /* T Fn D Sfa Cl */ \dv{SortInt{}}("0")
                      ),
                      /* T Fn D Sfa */
                      kseq{}(
                          /* T Fn D Sfa Cl */
                          Lbl'Hash'freezerbar'LParUndsCommUndsRParUnds'CONTEXT'Unds'A'Unds'A'Unds'A0'Unds'{}(
                              /* T Fn D Sfa Cl */
                              kseq{}(
                                  /* T Fn D Sfa Cli */
                                  /* Inj: */ inj{SortA{}, SortKItem{}}(
                                      /* T Fn D Sfa Cl */
                                      Lbla'Unds'CONTEXT'Unds'A{}()
                                  ),
                                  /* T Fn D Sfa Cl */ dotk{}()
                              )
                          ),
                          /* T Fn D Sfa */ Var'Unds'DotVar1:SortK{}
                      )
                  )
              ),
              /* T Fn D Sfa */
              Lbl'-LT-'generatedCounter'-GT-'{}(
                  /* T Fn D Sfa */ Var'Unds'Gen0:SortInt{}
              )
          ),
      \and{SortGeneratedTopCell{}}(
          /* predicate: */
          /* D Sfa */ \top{SortGeneratedTopCell{}}(),
          /* substitution: */
          \top{SortGeneratedTopCell{}}()
      ))
Context:
    (InfoReachability) while applying axioms
kore-repl:  Debug (DebugAppliedLabeledRewriteRule):
    The rule with label [ CONTEXT.bar2-heat ] at location: context.k:13:19-13:36 was applied
    on configuration:
      \and{SortGeneratedTopCell{}}(
          /* term: */
          /* T Fn D Sfa */
          Lbl'-LT-'generatedTop'-GT-'{}(
              /* T Fn D Sfa */
              Lbl'-LT-'k'-GT-'{}(
                  /* T Fn D Sfa */
                  kseq{}(
                      /* T Fn D Sfa Cli */
                      /* Inj: */ inj{SortA{}, SortKItem{}}(
                          /* T Fn D Sfa Cl */
                          Lblbar'LParUndsCommUndsRParUnds'CONTEXT'Unds'A'Unds'A'Unds'A{}(
                              /* T Fn D Sfa Cli */
                              /* Inj: */ inj{SortInt{}, SortA{}}(
                                  /* T Fn D Sfa Cl */ \dv{SortInt{}}("0")
                              ),
                              /* T Fn D Sfa Cl */ Lbla'Unds'CONTEXT'Unds'A{}()
                          )
                      ),
                      /* T Fn D Sfa */ Var'Unds'DotVar1:SortK{}
                  )
              ),
              /* T Fn D Sfa */
              Lbl'-LT-'generatedCounter'-GT-'{}(
                  /* T Fn D Sfa */ Var'Unds'Gen0:SortInt{}
              )
          ),
      \and{SortGeneratedTopCell{}}(
          /* predicate: */
          /* D Sfa */ \top{SortGeneratedTopCell{}}(),
          /* substitution: */
          \top{SortGeneratedTopCell{}}()
      ))
Context:
    (InfoReachability) while applying axioms
kore-repl:  Debug (DebugAppliedLabeledRewriteRule):
    The rule with label [  ] at location: context.k:15:8-15:14 was applied
    on configuration:
      \and{SortGeneratedTopCell{}}(
          /* term: */
          /* T Fn D Sfa */
          Lbl'-LT-'generatedTop'-GT-'{}(
              /* T Fn D Sfa */
              Lbl'-LT-'k'-GT-'{}(
                  /* T Fn D Sfa */
                  kseq{}(
                      /* T Fn D Sfa Cli */
                      /* Inj: */ inj{SortA{}, SortKItem{}}(
                          /* T Fn D Sfa Cl */ Lbla'Unds'CONTEXT'Unds'A{}()
                      ),
                      /* T Fn D Sfa */
                      kseq{}(
                          /* T Fn D Sfa Cl */
                          Lbl'Hash'freezerbar'LParUndsCommUndsRParUnds'CONTEXT'Unds'A'Unds'A'Unds'A1'Unds'{}(
                              /* T Fn D Sfa Cl */
                              kseq{}(
                                  /* T Fn D Sfa Cli */
                                  /* Inj: */ inj{SortInt{}, SortKItem{}}(
                                      /* T Fn D Sfa Cl */ \dv{SortInt{}}("0")
                                  ),
                                  /* T Fn D Sfa Cl */ dotk{}()
                              )
                          ),
                          /* T Fn D Sfa */ Var'Unds'DotVar1:SortK{}
                      )
                  )
              ),
              /* T Fn D Sfa */
              Lbl'-LT-'generatedCounter'-GT-'{}(
                  /* T Fn D Sfa */ Var'Unds'Gen0:SortInt{}
              )
          ),
      \and{SortGeneratedTopCell{}}(
          /* predicate: */
          /* D Sfa */ \top{SortGeneratedTopCell{}}(),
          /* substitution: */
          \top{SortGeneratedTopCell{}}()
      ))
Context:
    (InfoReachability) while applying axioms
kore-repl:  Debug (DebugAppliedLabeledRewriteRule):
    The rule with label [ CONTEXT.bar2-cool ] at location: context.k:13:19-13:36 was applied
    on configuration:
      \and{SortGeneratedTopCell{}}(
          /* term: */
          /* T Fn D Sfa */
          Lbl'-LT-'generatedTop'-GT-'{}(
              /* T Fn D Sfa */
              Lbl'-LT-'k'-GT-'{}(
                  /* T Fn D Sfa */
                  kseq{}(
                      /* T Fn D Sfa Cli */
                      /* Inj: */ inj{SortInt{}, SortKItem{}}(
                          /* T Fn D Sfa Cl */ \dv{SortInt{}}("0")
                      ),
                      /* T Fn D Sfa */
                      kseq{}(
                          /* T Fn D Sfa Cl */
                          Lbl'Hash'freezerbar'LParUndsCommUndsRParUnds'CONTEXT'Unds'A'Unds'A'Unds'A1'Unds'{}(
                              /* T Fn D Sfa Cl */
                              kseq{}(
                                  /* T Fn D Sfa Cli */
                                  /* Inj: */ inj{SortInt{}, SortKItem{}}(
                                      /* T Fn D Sfa Cl */ \dv{SortInt{}}("0")
                                  ),
                                  /* T Fn D Sfa Cl */ dotk{}()
                              )
                          ),
                          /* T Fn D Sfa */ Var'Unds'DotVar1:SortK{}
                      )
                  )
              ),
              /* T Fn D Sfa */
              Lbl'-LT-'generatedCounter'-GT-'{}(
                  /* T Fn D Sfa */ Var'Unds'Gen0:SortInt{}
              )
          ),
      \and{SortGeneratedTopCell{}}(
          /* predicate: */
          /* D Sfa */ \top{SortGeneratedTopCell{}}(),
          /* substitution: */
          \top{SortGeneratedTopCell{}}()
      ))
Context:
    (InfoReachability) while applying axioms
kore-repl:  Debug (DebugAppliedLabeledRewriteRule):
    The rule with label [ CONTEXT.baz2-heat ] at location: context.k:10:16-10:52 was applied
    on configuration:
      \and{SortGeneratedTopCell{}}(
          /* term: */
          /* T Fn D Sfa */
          Lbl'-LT-'generatedTop'-GT-'{}(
              /* T Fn D Sfa */
              Lbl'-LT-'k'-GT-'{}(
                  /* T Fn D Sfa */
                  kseq{}(
                      /* T Fn D Sfa Cli */
                      /* Inj: */ inj{SortA{}, SortKItem{}}(
                          /* T Fn D Sfa Cl */
                          Lblbaz'LParUndsCommUndsRParUnds'CONTEXT'Unds'A'Unds'A'Unds'A{}(
                              /* T Fn D Sfa Cl */ Lbla'Unds'CONTEXT'Unds'A{}(),
                              /* T Fn D Sfa Cl */ Lbla'Unds'CONTEXT'Unds'A{}()
                          )
                      ),
                      /* T Fn D Sfa */ Var'Unds'DotVar1:SortK{}
                  )
              ),
              /* T Fn D Sfa */
              Lbl'-LT-'generatedCounter'-GT-'{}(
                  /* T Fn D Sfa */ Var'Unds'Gen0:SortInt{}
              )
          ),
      \and{SortGeneratedTopCell{}}(
          /* predicate: */
          /* D Sfa */ \top{SortGeneratedTopCell{}}(),
          /* substitution: */
          \top{SortGeneratedTopCell{}}()
      ))
Context:
    (InfoReachability) while applying axioms
kore-repl:  Debug (DebugAppliedLabeledRewriteRule):
    The rule with label [  ] at location: context.k:15:8-15:14 was applied
    on configuration:
      \and{SortGeneratedTopCell{}}(
          /* term: */
          /* T Fn D Sfa */
          Lbl'-LT-'generatedTop'-GT-'{}(
              /* T Fn D Sfa */
              Lbl'-LT-'k'-GT-'{}(
                  /* T Fn D Sfa */
                  kseq{}(
                      /* T Fn D Sfa Cli */
                      /* Inj: */ inj{SortA{}, SortKItem{}}(
                          /* T Fn D Sfa Cl */ Lbla'Unds'CONTEXT'Unds'A{}()
                      ),
                      /* T Fn D Sfa */
                      kseq{}(
                          /* T Fn D Sfa Cl */
                          Lbl'Hash'freezerbaz'LParUndsCommUndsRParUnds'CONTEXT'Unds'A'Unds'A'Unds'A1'Unds'{}(
                              /* T Fn D Sfa Cl */
                              kseq{}(
                                  /* T Fn D Sfa Cli */
                                  /* Inj: */ inj{SortA{}, SortKItem{}}(
                                      /* T Fn D Sfa Cl */
                                      Lbla'Unds'CONTEXT'Unds'A{}()
                                  ),
                                  /* T Fn D Sfa Cl */ dotk{}()
                              )
                          ),
                          /* T Fn D Sfa */ Var'Unds'DotVar1:SortK{}
                      )
                  )
              ),
              /* T Fn D Sfa */
              Lbl'-LT-'generatedCounter'-GT-'{}(
                  /* T Fn D Sfa */ Var'Unds'Gen0:SortInt{}
              )
          ),
      \and{SortGeneratedTopCell{}}(
          /* predicate: */
          /* D Sfa */ \top{SortGeneratedTopCell{}}(),
          /* substitution: */
          \top{SortGeneratedTopCell{}}()
      ))
Context:
    (InfoReachability) while applying axioms
kore-repl:  Debug (DebugAppliedLabeledRewriteRule):
    The rule with label [ CONTEXT.baz2-cool ] at location: context.k:10:16-10:52 was applied
    on configuration:
      \and{SortGeneratedTopCell{}}(
          /* term: */
          /* T Fn D Sfa */
          Lbl'-LT-'generatedTop'-GT-'{}(
              /* T Fn D Sfa */
              Lbl'-LT-'k'-GT-'{}(
                  /* T Fn D Sfa */
                  kseq{}(
                      /* T Fn D Sfa Cli */
                      /* Inj: */ inj{SortInt{}, SortKItem{}}(
                          /* T Fn D Sfa Cl */ \dv{SortInt{}}("0")
                      ),
                      /* T Fn D Sfa */
                      kseq{}(
                          /* T Fn D Sfa Cl */
                          Lbl'Hash'freezerbaz'LParUndsCommUndsRParUnds'CONTEXT'Unds'A'Unds'A'Unds'A1'Unds'{}(
                              /* T Fn D Sfa Cl */
                              kseq{}(
                                  /* T Fn D Sfa Cli */
                                  /* Inj: */ inj{SortA{}, SortKItem{}}(
                                      /* T Fn D Sfa Cl */
                                      Lbla'Unds'CONTEXT'Unds'A{}()
                                  ),
                                  /* T Fn D Sfa Cl */ dotk{}()
                              )
                          ),
                          /* T Fn D Sfa */ Var'Unds'DotVar1:SortK{}
                      )
                  )
              ),
              /* T Fn D Sfa */
              Lbl'-LT-'generatedCounter'-GT-'{}(
                  /* T Fn D Sfa */ Var'Unds'Gen0:SortInt{}
              )
          ),
      \and{SortGeneratedTopCell{}}(
          /* predicate: */
          /* D Sfa */ \top{SortGeneratedTopCell{}}(),
          /* substitution: */
          \top{SortGeneratedTopCell{}}()
      ))
Context:
    (InfoReachability) while applying axioms
#Top
