[Error] Compiler: Syntax declaration conflicts with automatically generated isNonAddr predicate.
	Source(checkIsSort.k)
	Location(8,19,8,47)
	8 |	  syntax Bool ::= isNonAddr(KItem)  [function]
	  .	                  ^~~~~~~~~~~~~~~~~~~~~~~~~~~~
[Error] Compiler: Syntax declaration conflicts with automatically generated isNonAddr predicate.
	Source(checkIsSort.k)
	Location(10,19,10,47)
	10 |	                | isNonAddr(Foo)    [function]
	   .	                  ^~~~~~~~~~~~~~~~~~~~~~~~~~~~
[Error] Compiler: Syntax declaration conflicts with automatically generated isNonAddr predicate.
	Source(checkIsSort.k)
	Location(12,19,12,57)
	12 |	                | isNonAddr ( KItem , KItem ) [function]
	   .	                  ^~~~~~~~~~~~~~~~~~~~~~~~~~~~~~~~~~~~~~
[Error] Compiler: Syntax declaration conflicts with automatically generated isFoo predicate.
	Source(checkIsSort.k)
	Location(13,19,13,40)
	13 |	                | isFoo(Foo) [function]
	   .	                  ^~~~~~~~~~~~~~~~~~~~~
[Error] Compiler: Had 4 structural errors.
[ERROR] Running process failed with returncode 113:
    kompile checkIsSort.k --md-selector k --emit-json --warnings none --no-exc-wrap --backend llvm --output-definition checkIsSort-kompiled --type-inference-mode checked
