[Error] Inner Parser: Priority filter exception. Cannot use lguard as an immediate child of plus. Consider using parentheses around lguard
	Source(priorityError.k)
	Location(21,19,21,22)
	21 |	    rule . => 1 + l 2 // unable to disambiguate - error
	   .	                  ^~~
[Error] Inner Parser: Priority filter exception. Cannot use rguard as an immediate child of plus. Consider using parentheses around rguard
	Source(priorityError.k)
	Location(22,15,22,18)
	22 |	    rule . => 1 r + 2 // unable to disambiguate - error
	   .	              ^~~
[Error] Inner Parser: Parsing ambiguity.
1: syntax Exp ::= "l" Exp [klabel(lguard), symbol]
    lguard(rguard(#token("1","Int")))
2: syntax Exp ::= Exp "r" [klabel(rguard), symbol]
    rguard(lguard(#token("1","Int")))
	Source(priorityError.k)
	Location(23,15,23,20)
	23 |	    rule . => l 1 r   // ambiguous - error
	   .	              ^~~~~
[Error] Compiler: Had 3 parsing errors.
