kore-exec: [] Warning (WarnStuckClaimState):
    The configuration's term doesn't unify with the destination's term and the configuration cannot be rewritten further. Location: failing-2-spec.k:4:11-5:28
Context:
    (InfoReachability) while checking the implication
  #Ceil ( bool2Word ( _X <Int 0 ) )
#And
  <generatedTop>
    <k>
      .K
    </k>
    <pc>
      1
    </pc>
  </generatedTop>
#And
  {
    0
  #Equals
    bool2Word ( _X <Int 0 )
  }
[Error] Prover: backend terminated because the configuration cannot be rewritten further. See output for more details.
